Command line:
   hvsync_tb_isim_beh.exe
     -simmode  gui
     -simrunnum  0
     -socket  63922

Tue Apr 10 18:58:00 2018


 Elaboration Time: 0.0625 sec

 Current Memory Usage: 880.505 Meg

 Total Signals          : 22
 Total Nets             : 38
 Total Signal Drivers   : 12
 Total Blocks           : 5
 Total Primitive Blocks : 4
 Total Processes        : 20
 Total Traceable Variables  : 26
 Total Scalar Nets and Variables : 155
Total Line Count : 54
Total Line Count : 54

 Total Simulation Time: 1.10938 sec

 Current Memory Usage: 565.932 Meg

Tue Apr 10 22:43:00 2018

